[2023-02-14 16:44:55] ---------- Windows v10.0.19044.0 (C:\Users\alvin.fernando\Desktop\perpustakaan\ironpdfengine.log) ----------
[2023-02-14 16:44:55] Using deployment directory 'C:\Users\alvin.fernando\Desktop\perpustakaan\IronPdfEngine.2023.1.11674.Windows.x64\'
[2023-02-14 16:44:55] Creating deployment candidates using root path 'C:\Users\alvin.fernando\Desktop\perpustakaan\IronPdfEngine.2023.1.11674.Windows.x64\' (download: False)
[2023-02-14 16:44:55] Creating folder deployments for win-x64
[2023-02-14 16:44:55] Creating embedded deployments for win-x64
[2023-02-14 16:44:55] Successfully located 'IronInterop' at 'C:\Users\alvin.fernando\Desktop\perpustakaan\IronPdfEngine.2023.1.11674.Windows.x64\'
[2023-02-14 16:44:56] Determining deployment commands for platform 'Windows' v10.0.19044.0
[2023-02-14 16:44:56] Using deployment instructions for 'default' v
[2023-02-14 16:44:56] Attempting to load Windows library 'C:\Users\alvin.fernando\Desktop\perpustakaan\IronPdfEngine.2023.1.11674.Windows.x64\ucrtbase.dll'
[2023-02-14 16:44:56] Attempting to load Windows library 'C:\Users\alvin.fernando\Desktop\perpustakaan\IronPdfEngine.2023.1.11674.Windows.x64\ucrtbase.dll'
[2023-02-14 16:44:56] Successfully loaded native library from 'C:\Users\alvin.fernando\Desktop\perpustakaan\IronPdfEngine.2023.1.11674.Windows.x64\ucrtbase.dll'
[2023-02-14 16:44:56] Attempting to load Windows library 'C:\Users\alvin.fernando\Desktop\perpustakaan\IronPdfEngine.2023.1.11674.Windows.x64\vcruntime140.dll'
[2023-02-14 16:44:56] Attempting to load Windows library 'C:\Users\alvin.fernando\Desktop\perpustakaan\IronPdfEngine.2023.1.11674.Windows.x64\vcruntime140.dll'
[2023-02-14 16:44:56] Successfully loaded native library from 'C:\Users\alvin.fernando\Desktop\perpustakaan\IronPdfEngine.2023.1.11674.Windows.x64\vcruntime140.dll'
[2023-02-14 16:44:56] Attempting to load Windows library 'C:\Users\alvin.fernando\Desktop\perpustakaan\IronPdfEngine.2023.1.11674.Windows.x64\vcruntime140_1.dll'
[2023-02-14 16:44:56] Attempting to load Windows library 'C:\Users\alvin.fernando\Desktop\perpustakaan\IronPdfEngine.2023.1.11674.Windows.x64\vcruntime140_1.dll'
[2023-02-14 16:44:56] Successfully loaded native library from 'C:\Users\alvin.fernando\Desktop\perpustakaan\IronPdfEngine.2023.1.11674.Windows.x64\vcruntime140_1.dll'
[2023-02-14 16:44:56] Attempting to load Windows library 'C:\Users\alvin.fernando\Desktop\perpustakaan\IronPdfEngine.2023.1.11674.Windows.x64\msvcp140.dll'
[2023-02-14 16:44:56] Attempting to load Windows library 'C:\Users\alvin.fernando\Desktop\perpustakaan\IronPdfEngine.2023.1.11674.Windows.x64\msvcp140.dll'
[2023-02-14 16:44:56] Successfully loaded native library from 'C:\Users\alvin.fernando\Desktop\perpustakaan\IronPdfEngine.2023.1.11674.Windows.x64\msvcp140.dll'
[2023-02-14 16:44:56] Attempting to load Windows library 'C:\Users\alvin.fernando\Desktop\perpustakaan\IronPdfEngine.2023.1.11674.Windows.x64\dxva2.dll'
[2023-02-14 16:44:56] Attempting to load Windows library 'C:\Users\alvin.fernando\Desktop\perpustakaan\IronPdfEngine.2023.1.11674.Windows.x64\dxva2.dll'
[2023-02-14 16:44:56] Successfully loaded native library from 'C:\Users\alvin.fernando\Desktop\perpustakaan\IronPdfEngine.2023.1.11674.Windows.x64\dxva2.dll'
[2023-02-14 16:44:56] Attempting to load Windows library 'C:\Users\alvin.fernando\Desktop\perpustakaan\IronPdfEngine.2023.1.11674.Windows.x64\chrome_elf.dll'
[2023-02-14 16:44:56] Attempting to load Windows library 'C:\Users\alvin.fernando\Desktop\perpustakaan\IronPdfEngine.2023.1.11674.Windows.x64\chrome_elf.dll'
[2023-02-14 16:44:56] Successfully loaded native library from 'C:\Users\alvin.fernando\Desktop\perpustakaan\IronPdfEngine.2023.1.11674.Windows.x64\chrome_elf.dll'
[2023-02-14 16:44:56] Attempting to load Windows library 'C:\Users\alvin.fernando\Desktop\perpustakaan\IronPdfEngine.2023.1.11674.Windows.x64\libcef.dll'
[2023-02-14 16:44:56] Attempting to load Windows library 'C:\Users\alvin.fernando\Desktop\perpustakaan\IronPdfEngine.2023.1.11674.Windows.x64\libcef.dll'
[2023-02-14 16:44:56] Successfully loaded native library from 'C:\Users\alvin.fernando\Desktop\perpustakaan\IronPdfEngine.2023.1.11674.Windows.x64\libcef.dll'
[2023-02-14 16:44:56] Attempting to load Windows library 'C:\Users\alvin.fernando\Desktop\perpustakaan\IronPdfEngine.2023.1.11674.Windows.x64\IronInterop.dll'
[2023-02-14 16:44:56] Attempting to load Windows library 'C:\Users\alvin.fernando\Desktop\perpustakaan\IronPdfEngine.2023.1.11674.Windows.x64\IronInterop.dll'
[2023-02-14 16:44:56] Successfully loaded native library from 'C:\Users\alvin.fernando\Desktop\perpustakaan\IronPdfEngine.2023.1.11674.Windows.x64\IronInterop.dll'
[2023-02-14 16:44:56] Successfully loaded 'IronInterop' version '2023.1.0.11387' from 'C:\Users\alvin.fernando\Desktop\perpustakaan\IronPdfEngine.2023.1.11674.Windows.x64\'
[2023-02-14 16:44:56] Successfully deployed 'IronPdf' using 'C:\Users\alvin.fernando\Desktop\perpustakaan\IronPdfEngine.2023.1.11674.Windows.x64\'
[2023-02-14 16:44:56] Initializing Chrome renderer for OS Name: Windows, Identifier: win, Version: 10.0.19044.0, VersionName: , Domain: IronPdfEngine, Thread: , Path: C:\Users\alvin.fernando\Desktop\perpustakaan
[2023-02-14 16:44:56] 16:44:56 (1936): Detected operating system windows
[2023-02-14 16:44:56] 16:44:56 (1936): ~ Chrome renderer v2023.1.0.11387~
[2023-02-14 16:44:56] 16:44:56 (1936): IsSingleProcess: 0
[2023-02-14 16:44:56] 16:44:56 (1936): Creating Cef proxy controller
[2023-02-14 16:44:56] 16:44:56 (1936): Creating Cef interface
[2023-02-14 16:44:56] 16:44:56 (1936): Created new lifespan events
[2023-02-14 16:44:56] 16:44:56 (1936): Created new browser process handler
[2023-02-14 16:44:56] 16:44:56 (1936): Created new load handler
[2023-02-14 16:44:56] 16:44:56 (1936): Created new render handler
[2023-02-14 16:44:56] 16:44:56 (1936): Created new render process handler
[2023-02-14 16:44:56] 16:44:56 (1936): Created new print handler
[2023-02-14 16:44:56] 16:44:56 (1936): Created new dev tools handler
[2023-02-14 16:44:56] 16:44:56 (1936): Created new dev tools registration factory
[2023-02-14 16:44:56] 16:44:56 (1936): Created new lifespan handler
[2023-02-14 16:44:56] 16:44:56 (1936): Assigning Cef proxy controller events...
[2023-02-14 16:44:56] 16:44:56 (1936): Assigning Cef proxy controller stream provider...
[2023-02-14 16:44:56] 16:44:56 (1936): Initializing Cef proxy controller
[2023-02-14 16:44:56] 16:44:56 (1936): Using subprocess path 'C:\Users\alvin.fernando\Desktop\perpustakaan\IronPdfEngine.2023.1.11674.Windows.x64\IronCefSubprocess.exe'
[2023-02-14 16:44:56] 16:44:56 (1936): Using framework path 'C:\Users\alvin.fernando\Desktop\perpustakaan\IronPdfEngine.2023.1.11674.Windows.x64\'
[2023-02-14 16:44:56] 16:44:56 (1936): Using locales path 'C:\Users\alvin.fernando\Desktop\perpustakaan\IronPdfEngine.2023.1.11674.Windows.x64\\locales'
[2023-02-14 16:44:56] 16:44:56 (1936): Using resources path 'C:\Users\alvin.fernando\Desktop\perpustakaan\IronPdfEngine.2023.1.11674.Windows.x64\'
[2023-02-14 16:44:56] 16:44:56 (1936): Using resources path 'C:\Users\alvin.fernando\AppData\Local\Temp\'
[2023-02-14 16:44:56] 16:44:56 (1936): Process os_name: 'windows'
[2023-02-14 16:44:56] 16:44:56 (1936): gpu_mode: '0'
[2023-02-14 16:44:56] 16:44:56 (1936): Launching Main process '"C:\Users\alvin.fernando\Desktop\perpustakaan\IronPdfEngine.2023.1.11674.Windows.x64\IronPdfEngine.exe" --browser-subprocess-path="C:\Users\alvin.fernando\Desktop\perpustakaan\IronPdfEngine.2023.1.11674.Windows.x64\IronCefSubprocess.exe" --no-sandbox --lang=en-US --log-file=cef.log --log-severity=disable --resources-dir-path="C:\Users\alvin.fernando\Desktop\perpustakaan\IronPdfEngine.2023.1.11674.Windows.x64" --locales-dir-path="C:\Users\alvin.fernando\Desktop\perpustakaan\IronPdfEngine.2023.1.11674.Windows.x64\\locales" --disable-features=CalculateNativeWinOcclusion,WinUseBrowserSpellChecker,BackForwardCache --disable-web-security --disable-component-update --disable-background-downloads --disable-delta-updates --disable-pings --headless --hide-scrollbars --mute-audio --disable-gpu --disable-gpu-compositing --disable-software-rasterizer --disable-gpu-shader-disk-cache --disable-dev-shm-usage --enable-media-stream --no-sandbox --ignore-certificate-errors --ignore-ssl-errors --ignore-urlfetcher-cert-requests host=127.0.0.1 port=63464 enable_debug=false log_path=ironpdfengine.log programming_language=java license_key=null'
[2023-02-14 16:44:56] 16:44:56 (10944): Process os_name: 'windows'
[2023-02-14 16:44:56] 16:44:56 (10944): gpu_mode: '0'
[2023-02-14 16:44:56] 16:44:56 (10944): Launching child process '"C:\Users\alvin.fernando\Desktop\perpustakaan\IronPdfEngine.2023.1.11674.Windows.x64\IronCefSubprocess.exe" --type=gpu-process --no-sandbox --headless --locales-dir-path="C:\Users\alvin.fernando\Desktop\perpustakaan\IronPdfEngine.2023.1.11674.Windows.x64\\locales" --log-severity=disable --resources-dir-path="C:\Users\alvin.fernando\Desktop\perpustakaan\IronPdfEngine.2023.1.11674.Windows.x64" --lang=en-US --user-data-dir="C:\Users\alvin.fernando\AppData\Local\Temp" --disable-web-security --disable-component-update --disable-background-downloads --disable-delta-updates --disable-pings --headless --hide-scrollbars --mute-audio --disable-gpu --disable-gpu-compositing --disable-software-rasterizer --disable-gpu-shader-disk-cache --disable-dev-shm-usage --enable-media-stream --no-sandbox --ignore-certificate-errors --ignore-ssl-errors --ignore-urlfetcher-cert-requests /prefetch:2'
[2023-02-14 16:44:56] 16:44:56 (1936): Cef initialization succeeded
[2023-02-14 16:44:56] 16:44:56 (10944): Cef context initialized
[2023-02-14 16:44:56] 16:44:56 (10944): Registering custom scheme for rendering raw html
[2023-02-14 16:44:56] 16:44:56 (10944): Successfully registered custom scheme
[2023-02-14 16:44:56] 16:44:56 (10944): Cef engine initialization complete
[2023-02-14 16:44:57] 16:44:57 (10944): Process os_name: 'windows'
[2023-02-14 16:44:57] 16:44:57 (10944): gpu_mode: '0'
[2023-02-14 16:44:57] 16:44:57 (10944): Launching child process '"C:\Users\alvin.fernando\Desktop\perpustakaan\IronPdfEngine.2023.1.11674.Windows.x64\IronCefSubprocess.exe" --type=utility --utility-sub-type=network.mojom.NetworkService --lang=en-US --service-sandbox-type=none --ignore-urlfetcher-cert-requests --no-sandbox --ignore-certificate-errors --mute-audio --ignore-certificate-errors --locales-dir-path="C:\Users\alvin.fernando\Desktop\perpustakaan\IronPdfEngine.2023.1.11674.Windows.x64\\locales" --log-severity=disable --resources-dir-path="C:\Users\alvin.fernando\Desktop\perpustakaan\IronPdfEngine.2023.1.11674.Windows.x64" --lang=en-US --user-data-dir="C:\Users\alvin.fernando\AppData\Local\Temp" --disable-web-security --disable-component-update --disable-background-downloads --disable-delta-updates --disable-pings --headless --hide-scrollbars --mute-audio --disable-gpu --disable-gpu-compositing --disable-software-rasterizer --disable-gpu-shader-disk-cache --disable-dev-shm-usage --enable-media-stream --no-sandbox --ignore-certificate-errors --ignore-ssl-errors --ignore-urlfetcher-cert-requests /prefetch:8'
[2023-02-14 16:44:58] 16:44:58 (9268): Generating pdf from html
[2023-02-14 16:44:58] 16:44:58 (9268): BROWSER SETTINGS:
View: 1024x1280
Enable Javascript: 1
Username: 

[2023-02-14 16:44:58] 16:44:58 (9268): RENDER SETTINGS:
Backgrounds: 1, Emulate Screen: 1, Forms: 1, Landscape : 0
Scale: 1
Page Size Type: A4
Custom Page Size: 210x297
Actual Page Size: 210x297
Page Margin Type: 2
Margin Top: 25, Right: 25, Bottom: 25, Left: 25
Header Html: 
Footer Html: 
Javascript: 
Autosize Screen: 0, PPI: 96
Title: 
First Page Number: 1
Save Path: 
Render Delay: 0
Max Header Height: 200, Max Footer Height : 200

[2023-02-14 16:44:58] 16:44:58 (9268): Created new job group 0 for new document
[2023-02-14 16:44:58] 16:44:58 (9268): Created job group 0
[2023-02-14 16:44:58] 16:44:58 (9268): Queuing job 0
[2023-02-14 16:44:58] 16:44:58 (9268): Checking for browser availability (0/30)
[2023-02-14 16:44:58] 16:44:58 (9268): Creating new browser after waiting 0 seconds
[2023-02-14 16:44:58] 16:44:58 (10944): Process os_name: 'windows'
[2023-02-14 16:44:58] 16:44:58 (10944): gpu_mode: '0'
[2023-02-14 16:44:58] 16:44:58 (10944): Launching child process '"C:\Users\alvin.fernando\Desktop\perpustakaan\IronPdfEngine.2023.1.11674.Windows.x64\IronCefSubprocess.exe" --type=utility --utility-sub-type=storage.mojom.StorageService --lang=en-US --service-sandbox-type=service --ignore-urlfetcher-cert-requests --no-sandbox --ignore-certificate-errors --mute-audio --ignore-certificate-errors --locales-dir-path="C:\Users\alvin.fernando\Desktop\perpustakaan\IronPdfEngine.2023.1.11674.Windows.x64\\locales" --log-severity=disable --resources-dir-path="C:\Users\alvin.fernando\Desktop\perpustakaan\IronPdfEngine.2023.1.11674.Windows.x64" --lang=en-US --user-data-dir="C:\Users\alvin.fernando\AppData\Local\Temp" --disable-web-security --disable-component-update --disable-background-downloads --disable-delta-updates --disable-pings --headless --hide-scrollbars --mute-audio --disable-gpu --disable-gpu-compositing --disable-software-rasterizer --disable-gpu-shader-disk-cache --disable-dev-shm-usage --enable-media-stream --no-sandbox --ignore-certificate-errors --ignore-ssl-errors --ignore-urlfetcher-cert-requests /prefetch:8'
[2023-02-14 16:44:58] 16:44:58 (10944): Created browser id 1, 1 exist
[2023-02-14 16:44:58] 16:44:58 (10944): Browser 1 created and ready for assignment
[2023-02-14 16:44:58] 16:44:58 (10944): Assigning job 0 to browser 1
[2023-02-14 16:44:58] 16:44:58 (10944): Processing job for html content on browser 1
[2023-02-14 16:44:58] 16:44:58 (10944): Process os_name: 'windows'
[2023-02-14 16:44:58] 16:44:58 (10944): gpu_mode: '0'
[2023-02-14 16:44:58] 16:44:58 (10944): Launching child process '"C:\Users\alvin.fernando\Desktop\perpustakaan\IronPdfEngine.2023.1.11674.Windows.x64\IronCefSubprocess.exe" --type=renderer --locales-dir-path="C:\Users\alvin.fernando\Desktop\perpustakaan\IronPdfEngine.2023.1.11674.Windows.x64\\locales" --log-severity=disable --resources-dir-path="C:\Users\alvin.fernando\Desktop\perpustakaan\IronPdfEngine.2023.1.11674.Windows.x64" --user-data-dir="C:\Users\alvin.fernando\AppData\Local\Temp" --disable-web-security --disable-component-update --disable-background-downloads --disable-delta-updates --disable-pings --headless --hide-scrollbars --mute-audio --disable-gpu --disable-gpu-compositing --disable-software-rasterizer --disable-gpu-shader-disk-cache --disable-dev-shm-usage --enable-media-stream --no-sandbox --ignore-certificate-errors --ignore-ssl-errors --ignore-urlfetcher-cert-requests'
[2023-02-14 16:44:58] 16:44:58 (10944): Process os_name: 'windows'
[2023-02-14 16:44:58] 16:44:58 (10944): gpu_mode: '0'
[2023-02-14 16:44:58] 16:44:58 (10944): Launching child process '"C:\Users\alvin.fernando\Desktop\perpustakaan\IronPdfEngine.2023.1.11674.Windows.x64\IronCefSubprocess.exe" --type=renderer --locales-dir-path="C:\Users\alvin.fernando\Desktop\perpustakaan\IronPdfEngine.2023.1.11674.Windows.x64\\locales" --log-severity=disable --resources-dir-path="C:\Users\alvin.fernando\Desktop\perpustakaan\IronPdfEngine.2023.1.11674.Windows.x64" --user-data-dir="C:\Users\alvin.fernando\AppData\Local\Temp" --disable-web-security --disable-component-update --disable-background-downloads --disable-delta-updates --disable-pings --headless --hide-scrollbars --mute-audio --disable-gpu --disable-gpu-compositing --disable-software-rasterizer --disable-gpu-shader-disk-cache --disable-dev-shm-usage --enable-media-stream --no-sandbox --ignore-certificate-errors --ignore-ssl-errors --ignore-urlfetcher-cert-requests'
[2023-02-14 16:44:58] 16:44:58 (10944): Browser 1 loading state changed to 1 for url ''
[2023-02-14 16:44:58] 16:44:58 (18652): Received resource request from null for http://ironsoftwarescheme.com/ on browser 1 (nav: 1, dl: 0)
[2023-02-14 16:44:58] 16:44:58 (18652): Resolved resource request using default handler
[2023-02-14 16:44:58] 16:44:58 (18652): Creating resource handler for custom scheme http using url http://ironsoftwarescheme.com/ on browser 1
[2023-02-14 16:44:58] 16:44:58 (10944): Browser 1 frame 21474836481 started loading http://ironsoftwarescheme.com/
[2023-02-14 16:44:58] 16:44:58 (10944): Browser 1 status: 
[2023-02-14 16:44:58] 16:44:58 (10944): Browser process received message: 'OnBrowserCreated'
[2023-02-14 16:44:58] 16:44:58 (10944): Received message from render process with 0 bytes
[2023-02-14 16:44:58] 16:44:58 (10944): Browser 1 frame 21474836481 ended loading http://ironsoftwarescheme.com/
[2023-02-14 16:44:58] 16:44:58 (10944): Browser 1 loading state changed to 0 for url 'http://ironsoftwarescheme.com/'
[2023-02-14 16:44:58] 16:44:58 (10944): Frame loaded for job 0 on browser 1
[2023-02-14 16:44:58] 16:44:58 (10944): Found job 0 in group 0 (of 1 groups)
[2023-02-14 16:44:58] 16:44:58 (10944): Executing dev tools method 'Emulation.setEmulatedMedia' for browser 1
[2023-02-14 16:44:58] 16:44:58 (10944): Executing dev tools method 'Page.getLayoutMetrics' for browser 1
[2023-02-14 16:44:58] 16:44:58 (10944): Received dev tools message on browser 1: '{"id":1,"result":{}}' (size: 20)
[2023-02-14 16:44:58] 16:44:58 (10944): Finished dev tools method on browser 1 (message ID: 1)
[2023-02-14 16:44:58] 16:44:58 (10944): Received dev tools message on browser 1: '{"id":2,"result":{"layoutViewport":{"pageX":0,"pageY":0,"clientWidth":1024,"clientHeight":1280},"visualViewport":{"offsetX":0,"offsetY":0,"pageX":0,"pageY":0,"clientWidth":1024,"clientHeight":1280,"scale":1,"zoom":1},"contentSize":{"x":0,"y":0,"width":1024,"height":1280},"cssLayoutViewport":{"pageX":0,"pageY":0,"clientWidth":1024,"clientHeight":1280},"cssVisualViewport":{"offsetX":0,"offsetY":0,"pageX":0,"pageY":0,"clientWidth":1024,"clientHeight":1280,"scale":1,"zoom":1},"cssContentSize":{"x":0,"y":0,"width":1024,"height":1280}}}' (size: 536)
[2023-02-14 16:44:58] 16:44:58 (10944): Finished dev tools method on browser 1 (message ID: 2)
[2023-02-14 16:44:58] 16:44:58 (10944): Sending DOM-visit process message for browser 1 (job ID: 0)
[2023-02-14 16:44:58] 16:44:58 (10944): Browser process received message: 'OnDomVisited'
[2023-02-14 16:44:58] 16:44:58 (10944): Received message from render process with 144 bytes
[2023-02-14 16:44:58] 16:44:58 (10944): Processed html for browser 1
[2023-02-14 16:44:58] 16:44:58 (13132): Finished waiting for render delay
[2023-02-14 16:44:58] 16:44:58 (13132): Scaling content to paper using a scale of 1
[2023-02-14 16:44:58] 16:44:58 (13132): Printing from browser to 'C:\Users\alvin.fernando\AppData\Local\Temp\7DC8.tmp'
[2023-02-14 16:44:58] 16:44:58 (10944): Received browser print callback for path 'C:\Users\alvin.fernando\AppData\Local\Temp\7DC8.tmp' (1)
[2023-02-14 16:44:58] 16:44:58 (10944): Print finished for browser 1(success: 1)
[2023-02-14 16:44:58] 16:44:58 (10944): Resolving job for browser 1 with 12982 bytes
[2023-02-14 16:44:58] 16:44:58 (10944): PdfDocumentFactory created document 000001DFB24DDEB0 from 12982 bytes
[2023-02-14 16:44:58] 16:44:58 (10944): Resolving job for browser 1 with 1 page document
[2023-02-14 16:44:58] 16:44:58 (10944): Retrieved document title from html: Document
[2023-02-14 16:44:58] 16:44:58 (10944): Retrieve Html title: Document
[2023-02-14 16:44:58] 16:44:58 (10944): Generating form fields
[2023-02-14 16:44:58] 16:44:58 (10944): Adding default font for form fields
[2023-02-14 16:44:58] 16:44:58 (10944): Initializing forms for document
[2023-02-14 16:44:58] 16:44:58 (10944): Sorting 0 marked fields
[2023-02-14 16:44:58] 16:44:58 (10944): Adding form fields to 1 pages
[2023-02-14 16:44:58] 16:44:58 (10944): Generating bytes for document 000001DFB24DDEB0
[2023-02-14 16:44:58] 16:44:58 (10944): Successfully generated 13279 bytes for document 000001DFB24DDEB0
[2023-02-14 16:44:58] 16:44:58 (10944): PdfDocumentFactory closed document 000001DFB24DDEB0
[2023-02-14 16:44:58] 16:44:58 (10908): Closing browser 1
[2023-02-14 16:44:58] 16:44:58 (10944): Received dev tools message on browser 1: '{"method":"Inspector.detached","params":{"reason":"Render process gone."}}' (size: 74)
[2023-02-14 16:44:58] 16:44:58 (10944): Destroying browser id 1, 0 remain
[2023-02-14 16:44:58] 16:44:58 (10944): Browser 1 closed for job 0
[2023-02-14 16:44:58] 16:44:58 (10944): Found job 0 in group 0 (of 1 groups)
[2023-02-14 16:44:58] 16:44:58 (10944): Job group 0 finished
[2023-02-14 16:44:58] 16:44:58 (10944): CefMessagePumpStd::Quit()
[2023-02-14 16:44:58] 16:44:58 (9268): PdfDocumentFactory created document 000001DFB24DE310 from 13279 bytes
[2023-02-14 16:44:58] 16:44:58 (9268): Storing new document 0
[2023-02-14 16:44:59] Retrieved license key from inline variable
[2023-02-14 16:44:59] Error 0x01 while validating license key
[2023-02-14 16:44:59] No license key detected, applying trial watermark
[2023-02-14 17:06:49] ---------- Windows v10.0.19044.0 (C:\Users\alvin.fernando\Desktop\perpustakaan\ironpdfengine.log) ----------
[2023-02-14 17:06:49] Using deployment directory 'C:\Users\alvin.fernando\Desktop\perpustakaan\IronPdfEngine.2022.11.10413.Windows.x64\'
[2023-02-14 17:06:49] Creating deployments for win-x64
[2023-02-14 17:06:49] Attempting deployment for 'Chrome' v2022.10.0.9530 using 'C:\Users\alvin.fernando\Desktop\perpustakaan\IronPdfEngine.2022.11.10413.Windows.x64\'
[2023-02-14 17:06:49] Successfully located 'IronInterop' at 'C:\Users\alvin.fernando\Desktop\perpustakaan\IronPdfEngine.2022.11.10413.Windows.x64\'
[2023-02-14 17:06:50] Determining deployment commands for platform 'Windows' v10.0.19044.0
[2023-02-14 17:06:50] Using deployment instructions for 'default' v
[2023-02-14 17:06:50] Attempting to load Windows library 'C:\Users\alvin.fernando\Desktop\perpustakaan\IronPdfEngine.2022.11.10413.Windows.x64\ucrtbase.dll'
[2023-02-14 17:06:50] Attempting to load Windows library 'C:\Users\alvin.fernando\Desktop\perpustakaan\IronPdfEngine.2022.11.10413.Windows.x64\ucrtbase.dll'
[2023-02-14 17:06:50] Successfully loaded native library 'ucrtbase' from 'C:\Users\alvin.fernando\Desktop\perpustakaan\IronPdfEngine.2022.11.10413.Windows.x64\ucrtbase.dll'
[2023-02-14 17:06:50] Attempting to load Windows library 'C:\Users\alvin.fernando\Desktop\perpustakaan\IronPdfEngine.2022.11.10413.Windows.x64\vcruntime140.dll'
[2023-02-14 17:06:50] Attempting to load Windows library 'C:\Users\alvin.fernando\Desktop\perpustakaan\IronPdfEngine.2022.11.10413.Windows.x64\vcruntime140.dll'
[2023-02-14 17:06:50] Successfully loaded native library 'vcruntime140' from 'C:\Users\alvin.fernando\Desktop\perpustakaan\IronPdfEngine.2022.11.10413.Windows.x64\vcruntime140.dll'
[2023-02-14 17:06:50] Attempting to load Windows library 'C:\Users\alvin.fernando\Desktop\perpustakaan\IronPdfEngine.2022.11.10413.Windows.x64\vcruntime140_1.dll'
[2023-02-14 17:06:50] Attempting to load Windows library 'C:\Users\alvin.fernando\Desktop\perpustakaan\IronPdfEngine.2022.11.10413.Windows.x64\vcruntime140_1.dll'
[2023-02-14 17:06:50] Successfully loaded native library 'vcruntime140_1' from 'C:\Users\alvin.fernando\Desktop\perpustakaan\IronPdfEngine.2022.11.10413.Windows.x64\vcruntime140_1.dll'
[2023-02-14 17:06:50] Attempting to load Windows library 'C:\Users\alvin.fernando\Desktop\perpustakaan\IronPdfEngine.2022.11.10413.Windows.x64\msvcp140.dll'
[2023-02-14 17:06:50] Attempting to load Windows library 'C:\Users\alvin.fernando\Desktop\perpustakaan\IronPdfEngine.2022.11.10413.Windows.x64\msvcp140.dll'
[2023-02-14 17:06:50] Successfully loaded native library 'msvcp140' from 'C:\Users\alvin.fernando\Desktop\perpustakaan\IronPdfEngine.2022.11.10413.Windows.x64\msvcp140.dll'
[2023-02-14 17:06:50] Attempting to load Windows library 'C:\Users\alvin.fernando\Desktop\perpustakaan\IronPdfEngine.2022.11.10413.Windows.x64\dxva2.dll'
[2023-02-14 17:06:50] Attempting to load Windows library 'C:\Users\alvin.fernando\Desktop\perpustakaan\IronPdfEngine.2022.11.10413.Windows.x64\dxva2.dll'
[2023-02-14 17:06:50] Successfully loaded native library 'dxva2' from 'C:\Users\alvin.fernando\Desktop\perpustakaan\IronPdfEngine.2022.11.10413.Windows.x64\dxva2.dll'
[2023-02-14 17:06:50] Attempting to load Windows library 'C:\Users\alvin.fernando\Desktop\perpustakaan\IronPdfEngine.2022.11.10413.Windows.x64\chrome_elf.dll'
[2023-02-14 17:06:50] Attempting to load Windows library 'C:\Users\alvin.fernando\Desktop\perpustakaan\IronPdfEngine.2022.11.10413.Windows.x64\chrome_elf.dll'
[2023-02-14 17:06:50] Successfully loaded native library 'chrome_elf' from 'C:\Users\alvin.fernando\Desktop\perpustakaan\IronPdfEngine.2022.11.10413.Windows.x64\chrome_elf.dll'
[2023-02-14 17:06:50] Attempting to load Windows library 'C:\Users\alvin.fernando\Desktop\perpustakaan\IronPdfEngine.2022.11.10413.Windows.x64\libcef.dll'
[2023-02-14 17:06:50] Attempting to load Windows library 'C:\Users\alvin.fernando\Desktop\perpustakaan\IronPdfEngine.2022.11.10413.Windows.x64\libcef.dll'
[2023-02-14 17:06:50] Successfully loaded native library 'libcef' from 'C:\Users\alvin.fernando\Desktop\perpustakaan\IronPdfEngine.2022.11.10413.Windows.x64\libcef.dll'
[2023-02-14 17:06:50] Attempting to load Windows library 'C:\Users\alvin.fernando\Desktop\perpustakaan\IronPdfEngine.2022.11.10413.Windows.x64\IronInterop.dll'
[2023-02-14 17:06:50] Attempting to load Windows library 'C:\Users\alvin.fernando\Desktop\perpustakaan\IronPdfEngine.2022.11.10413.Windows.x64\IronInterop.dll'
[2023-02-14 17:06:50] Successfully loaded native library 'IronInterop' from 'C:\Users\alvin.fernando\Desktop\perpustakaan\IronPdfEngine.2022.11.10413.Windows.x64\IronInterop.dll'
[2023-02-14 17:06:50] Successfully loaded 'IronInterop' version '2022.10.0.9530' from 'C:\Users\alvin.fernando\Desktop\perpustakaan\IronPdfEngine.2022.11.10413.Windows.x64\'
[2023-02-14 17:06:50] Successfully deployed 'Chrome' using 'C:\Users\alvin.fernando\Desktop\perpustakaan\IronPdfEngine.2022.11.10413.Windows.x64\'
[2023-02-14 17:06:50] Initializing Chrome renderer for OS Name: Windows, Identifier: win, Version: 10.0.19044.0, VersionName: , Domain: IronPdfEngine, Thread: , Path: C:\Users\alvin.fernando\Desktop\perpustakaan
[2023-02-14 17:06:50] 17:06:50 (3648): Detected operating system windows
[2023-02-14 17:06:50] 17:06:50 (3648): ~ Chrome renderer v2022.10.0.9530~
[2023-02-14 17:06:50] 17:06:50 (3648): IsSingleProcess: 0
[2023-02-14 17:06:50] 17:06:50 (3648): Creating Cef proxy controller
[2023-02-14 17:06:50] 17:06:50 (3648): Creating Cef interface
[2023-02-14 17:06:50] 17:06:50 (3648): Created new lifespan events
[2023-02-14 17:06:50] 17:06:50 (3648): Created new browser process handler
[2023-02-14 17:06:50] 17:06:50 (3648): Created new load handler
[2023-02-14 17:06:50] 17:06:50 (3648): Created new render handler
[2023-02-14 17:06:50] 17:06:50 (3648): Created new render process handler
[2023-02-14 17:06:50] 17:06:50 (3648): Created new print handler
[2023-02-14 17:06:50] 17:06:50 (3648): Created new dev tools handler
[2023-02-14 17:06:50] 17:06:50 (3648): Created new dev tools registration factory
[2023-02-14 17:06:50] 17:06:50 (3648): Created new lifespan handler
[2023-02-14 17:06:50] 17:06:50 (3648): Assigning Cef proxy controller events...
[2023-02-14 17:06:50] 17:06:50 (3648): Assigning Cef proxy controller stream provider...
[2023-02-14 17:06:50] 17:06:50 (3648): Initializing Cef proxy controller
[2023-02-14 17:06:50] 17:06:50 (3648): Using subprocess path 'C:\Users\alvin.fernando\Desktop\perpustakaan\IronPdfEngine.2022.11.10413.Windows.x64\IronCefSubprocess.exe'
[2023-02-14 17:06:50] 17:06:50 (3648): Using framework path 'C:\Users\alvin.fernando\Desktop\perpustakaan\IronPdfEngine.2022.11.10413.Windows.x64\'
[2023-02-14 17:06:50] 17:06:50 (3648): Using locales path 'C:\Users\alvin.fernando\Desktop\perpustakaan\IronPdfEngine.2022.11.10413.Windows.x64\\locales'
[2023-02-14 17:06:50] 17:06:50 (3648): Using resources path 'C:\Users\alvin.fernando\Desktop\perpustakaan\IronPdfEngine.2022.11.10413.Windows.x64\'
[2023-02-14 17:06:50] 17:06:50 (3648): Process os_name: 'windows'
[2023-02-14 17:06:50] 17:06:50 (3648): gpu_mode: '0'
[2023-02-14 17:06:50] 17:06:50 (3648): Launching Main process '"C:\Users\alvin.fernando\Desktop\perpustakaan\IronPdfEngine.2022.11.10413.Windows.x64\IronPdfEngine.exe" --browser-subprocess-path="C:\Users\alvin.fernando\Desktop\perpustakaan\IronPdfEngine.2022.11.10413.Windows.x64\IronCefSubprocess.exe" --no-sandbox --lang=en-US --log-file=cef.log --log-severity=disable --resources-dir-path="C:\Users\alvin.fernando\Desktop\perpustakaan\IronPdfEngine.2022.11.10413.Windows.x64" --locales-dir-path="C:\Users\alvin.fernando\Desktop\perpustakaan\IronPdfEngine.2022.11.10413.Windows.x64\\locales" --disable-features=CalculateNativeWinOcclusion,WinUseBrowserSpellChecker,BackForwardCache --disable-web-security --disable-component-update --disable-background-downloads --disable-delta-updates --disable-pings --headless --hide-scrollbars --mute-audio --disable-gpu --disable-gpu-compositing --disable-software-rasterizer --disable-gpu-shader-disk-cache --disable-dev-shm-usage --enable-media-stream --no-sandbox --ignore-certificate-errors --ignore-ssl-errors --ignore-urlfetcher-cert-requests host=127.0.0.1 port=63670 enable_debug=false log_path=ironpdfengine.log'
[2023-02-14 17:06:51] 17:06:51 (15276): Process os_name: 'windows'
[2023-02-14 17:06:51] 17:06:51 (15276): gpu_mode: '0'
[2023-02-14 17:06:51] 17:06:51 (15276): Launching child process '"C:\Users\alvin.fernando\Desktop\perpustakaan\IronPdfEngine.2022.11.10413.Windows.x64\IronCefSubprocess.exe" --type=gpu-process --no-sandbox --headless --locales-dir-path="C:\Users\alvin.fernando\Desktop\perpustakaan\IronPdfEngine.2022.11.10413.Windows.x64\\locales" --log-severity=disable --resources-dir-path="C:\Users\alvin.fernando\Desktop\perpustakaan\IronPdfEngine.2022.11.10413.Windows.x64" --lang=en-US --user-data-dir="C:\Users\alvin.fernando\AppData\Local\Temp" --disable-web-security --disable-component-update --disable-background-downloads --disable-delta-updates --disable-pings --headless --hide-scrollbars --mute-audio --disable-gpu --disable-gpu-compositing --disable-software-rasterizer --disable-gpu-shader-disk-cache --disable-dev-shm-usage --enable-media-stream --no-sandbox --ignore-certificate-errors --ignore-ssl-errors --ignore-urlfetcher-cert-requests /prefetch:2'
[2023-02-14 17:06:51] 17:06:51 (3648): Cef initialization succeeded
[2023-02-14 17:06:51] 17:06:51 (15276): Cef context initialized
[2023-02-14 17:06:51] 17:06:51 (15276): Registering custom scheme for rendering raw html
[2023-02-14 17:06:51] 17:06:51 (15276): Successfully registered custom scheme
[2023-02-14 17:06:51] 17:06:51 (15276): Cef engine initialization complete
[2023-02-14 17:06:51] 17:06:51 (15276): Process os_name: 'windows'
[2023-02-14 17:06:51] 17:06:51 (15276): gpu_mode: '0'
[2023-02-14 17:06:51] 17:06:51 (15276): Launching child process '"C:\Users\alvin.fernando\Desktop\perpustakaan\IronPdfEngine.2022.11.10413.Windows.x64\IronCefSubprocess.exe" --type=utility --utility-sub-type=network.mojom.NetworkService --lang=en-US --service-sandbox-type=none --ignore-urlfetcher-cert-requests --no-sandbox --ignore-certificate-errors --mute-audio --ignore-certificate-errors --locales-dir-path="C:\Users\alvin.fernando\Desktop\perpustakaan\IronPdfEngine.2022.11.10413.Windows.x64\\locales" --log-severity=disable --resources-dir-path="C:\Users\alvin.fernando\Desktop\perpustakaan\IronPdfEngine.2022.11.10413.Windows.x64" --lang=en-US --user-data-dir="C:\Users\alvin.fernando\AppData\Local\Temp" --disable-web-security --disable-component-update --disable-background-downloads --disable-delta-updates --disable-pings --headless --hide-scrollbars --mute-audio --disable-gpu --disable-gpu-compositing --disable-software-rasterizer --disable-gpu-shader-disk-cache --disable-dev-shm-usage --enable-media-stream --no-sandbox --ignore-certificate-errors --ignore-ssl-errors --ignore-urlfetcher-cert-requests /prefetch:8'
[2023-02-14 17:06:52] 17:06:52 (11364): Generating pdf from html
[2023-02-14 17:06:52] 17:06:52 (11364): BROWSER SETTINGS:
View: 1024x1280
Enable Javascript: 1
Username: 

[2023-02-14 17:06:52] 17:06:52 (11364): RENDER SETTINGS:
Backgrounds: 1, Emulate Screen: 1, Forms: 1, Landscape : 0
Scale: 100
Page Size Type: A4
Custom Page Size: 210x297
Actual Page Size: 210x297
Page Margin Type: 3
Margin Top: 25, Right: 25, Bottom: 25, Left: 25
Header Html: 
Footer Html: 
Javascript: 
Autosize Screen: 0, PPI: 96
Title: 
First Page Number: 1
Save Path: 
Render Delay: 0
Max Header Height: 200, Max Footer Height : 200

[2023-02-14 17:06:52] 17:06:52 (11364): Created new job group 0 for new document
[2023-02-14 17:06:52] 17:06:52 (11364): Created job group 0
[2023-02-14 17:06:52] 17:06:52 (11364): Queuing job 0
[2023-02-14 17:06:52] 17:06:52 (11364): Checking for browser availability (0/30)
[2023-02-14 17:06:52] 17:06:52 (11364): Creating new browser after waiting 0 seconds
[2023-02-14 17:06:52] 17:06:52 (15276): Created browser id 1, 1 exist
[2023-02-14 17:06:52] 17:06:52 (15276): Browser 1 created and ready for assignment
[2023-02-14 17:06:52] 17:06:52 (15276): Assigning job 0 to browser 1
[2023-02-14 17:06:52] 17:06:52 (15276): Processing job for html content on browser 1
[2023-02-14 17:06:52] 17:06:52 (15276): Process os_name: 'windows'
[2023-02-14 17:06:52] 17:06:52 (15276): gpu_mode: '0'
[2023-02-14 17:06:52] 17:06:52 (15276): Launching child process '"C:\Users\alvin.fernando\Desktop\perpustakaan\IronPdfEngine.2022.11.10413.Windows.x64\IronCefSubprocess.exe" --type=renderer --locales-dir-path="C:\Users\alvin.fernando\Desktop\perpustakaan\IronPdfEngine.2022.11.10413.Windows.x64\\locales" --log-severity=disable --resources-dir-path="C:\Users\alvin.fernando\Desktop\perpustakaan\IronPdfEngine.2022.11.10413.Windows.x64" --user-data-dir="C:\Users\alvin.fernando\AppData\Local\Temp" --disable-web-security --disable-component-update --disable-background-downloads --disable-delta-updates --disable-pings --headless --hide-scrollbars --mute-audio --disable-gpu --disable-gpu-compositing --disable-software-rasterizer --disable-gpu-shader-disk-cache --disable-dev-shm-usage --enable-media-stream --no-sandbox --ignore-certificate-errors --ignore-ssl-errors --ignore-urlfetcher-cert-requests'
[2023-02-14 17:06:52] 17:06:52 (15276): Process os_name: 'windows'
[2023-02-14 17:06:52] 17:06:52 (15276): gpu_mode: '0'
[2023-02-14 17:06:52] 17:06:52 (15276): Launching child process '"C:\Users\alvin.fernando\Desktop\perpustakaan\IronPdfEngine.2022.11.10413.Windows.x64\IronCefSubprocess.exe" --type=renderer --locales-dir-path="C:\Users\alvin.fernando\Desktop\perpustakaan\IronPdfEngine.2022.11.10413.Windows.x64\\locales" --log-severity=disable --resources-dir-path="C:\Users\alvin.fernando\Desktop\perpustakaan\IronPdfEngine.2022.11.10413.Windows.x64" --user-data-dir="C:\Users\alvin.fernando\AppData\Local\Temp" --disable-web-security --disable-component-update --disable-background-downloads --disable-delta-updates --disable-pings --headless --hide-scrollbars --mute-audio --disable-gpu --disable-gpu-compositing --disable-software-rasterizer --disable-gpu-shader-disk-cache --disable-dev-shm-usage --enable-media-stream --no-sandbox --ignore-certificate-errors --ignore-ssl-errors --ignore-urlfetcher-cert-requests'
[2023-02-14 17:06:52] 17:06:52 (15276): Browser 1 loading state changed to 1 for url ''
[2023-02-14 17:06:52] 17:06:52 (12812): Received resource request from null for http://ironsoftwarescheme.com/ on browser 1 (nav: 1, dl: 0)
[2023-02-14 17:06:52] 17:06:52 (12812): Resolved resource request using default handler
[2023-02-14 17:06:52] 17:06:52 (12812): Creating resource handler for custom scheme http using url http://ironsoftwarescheme.com/ on browser 1
[2023-02-14 17:06:52] 17:06:52 (15276): Browser 1 frame 17179869185 started loading http://ironsoftwarescheme.com/
[2023-02-14 17:06:52] 17:06:52 (15276): Browser process received message: 'OnBrowserCreated'
[2023-02-14 17:06:52] 17:06:52 (15276): Received message from render process with values '' (0)
[2023-02-14 17:06:52] 17:06:52 (15276): Browser 1 frame 17179869185 ended loading http://ironsoftwarescheme.com/
[2023-02-14 17:06:52] 17:06:52 (15276): Browser 1 loading state changed to 0 for url 'http://ironsoftwarescheme.com/'
[2023-02-14 17:06:52] 17:06:52 (15276): Frame loaded for job 0 on browser 1
[2023-02-14 17:06:52] 17:06:52 (15276): Found job 0 in group 0 (of 1 groups)
[2023-02-14 17:06:52] 17:06:52 (15276): Executing dev tools method 'Emulation.setEmulatedMedia' for browser 1
[2023-02-14 17:06:52] 17:06:52 (15276): Executing dev tools method 'Page.getLayoutMetrics' for browser 1
[2023-02-14 17:06:52] 17:06:52 (15276): Received dev tools message on browser 1: '{"id":1,"result":{}}' (size: 20)
[2023-02-14 17:06:52] 17:06:52 (15276): Finished dev tools method on browser 1 (message ID: 1)
[2023-02-14 17:06:52] 17:06:52 (15276): Received dev tools message on browser 1: '{"id":2,"result":{"layoutViewport":{"pageX":0,"pageY":0,"clientWidth":1024,"clientHeight":1280},"visualViewport":{"offsetX":0,"offsetY":0,"pageX":0,"pageY":0,"clientWidth":1024,"clientHeight":1280,"scale":1,"zoom":1},"contentSize":{"x":0,"y":0,"width":1024,"height":1280},"cssLayoutViewport":{"pageX":0,"pageY":0,"clientWidth":1024,"clientHeight":1280},"cssVisualViewport":{"offsetX":0,"offsetY":0,"pageX":0,"pageY":0,"clientWidth":1024,"clientHeight":1280,"scale":1,"zoom":1},"cssContentSize":{"x":0,"y":0,"width":1024,"height":1280}}}' (size: 536)
[2023-02-14 17:06:52] 17:06:52 (15276): Finished dev tools method on browser 1 (message ID: 2)
[2023-02-14 17:06:52] 17:06:52 (15276): Sending DOM-visit process message for browser 1 (job ID: 0)
[2023-02-14 17:06:52] 17:06:52 (15276): Browser process received message: 'OnDomVisited'
[2023-02-14 17:06:52] 17:06:52 (15276): Received message from render process with values 'AQAAAF4AAAAAAAAAAgAAACoAAAAgAAAAAAAAAAAAAAABAAAAHgAAAAEAAAANAAAAZABvAGMAdQBtAGUAbgB0AHQAaQB0AGwAZQABAAAAFAAAAAEAAAAIAAAARABvAGMAdQBtAGUAbgB0AA==' (144)
[2023-02-14 17:06:52] 17:06:52 (15276): Processed html for browser 1
[2023-02-14 17:06:52] 17:06:52 (8436): Finished waiting for render delay
[2023-02-14 17:06:52] 17:06:52 (8436): Scaling content to paper using a factor of 100
[2023-02-14 17:06:52] 17:06:52 (8436): Printing from browser to 'C:\Users\alvin.fernando\AppData\Local\Temp\8A59.tmp'
[2023-02-14 17:06:52] 17:06:52 (15276): Received browser print callback for path 'C:\Users\alvin.fernando\AppData\Local\Temp\8A59.tmp' (1)
[2023-02-14 17:06:52] 17:06:52 (15276): Print finished for browser 1(success: 1)
[2023-02-14 17:06:52] 17:06:52 (15276): Resolving job for browser 1 with 12986 bytes
[2023-02-14 17:06:52] 17:06:52 (15276): PdfDocumentFactory created document 0000012A2F733370 from 12986 bytes
[2023-02-14 17:06:52] 17:06:52 (15276): Resolving job for browser 1 with 1 page document
[2023-02-14 17:06:52] 17:06:52 (15276): Retrieved document title from html: Document
[2023-02-14 17:06:52] 17:06:52 (15276): Retrieve Html title: Document
[2023-02-14 17:06:52] 17:06:52 (15276): Generating form fields
[2023-02-14 17:06:52] 17:06:52 (15276): Adding default font for form fields
[2023-02-14 17:06:52] 17:06:52 (15276): Initializing forms for document
[2023-02-14 17:06:52] 17:06:52 (15276): Generating bytes for document 0000012A2F733370
[2023-02-14 17:06:52] 17:06:52 (15276): Successfully generated 13283 bytes for document 0000012A2F733370
[2023-02-14 17:06:52] 17:06:52 (15276): PdfDocumentFactory closed document 0000012A2F733370
[2023-02-14 17:06:52] 17:06:52 (2996): Closing browser 1
[2023-02-14 17:06:52] 17:06:52 (15276): Received dev tools message on browser 1: '{"method":"Inspector.detached","params":{"reason":"Render process gone."}}' (size: 74)
[2023-02-14 17:06:52] 17:06:52 (15276): Destroying browser id 1, 0 remain
[2023-02-14 17:06:52] 17:06:52 (15276): Browser 1 closed for job 0
[2023-02-14 17:06:52] 17:06:52 (15276): Found job 0 in group 0 (of 1 groups)
[2023-02-14 17:06:52] 17:06:52 (15276): Job group 0 finished
[2023-02-14 17:06:52] 17:06:52 (15276): CefMessagePumpStd::Quit()
[2023-02-14 17:06:52] 17:06:52 (11364): PdfDocumentFactory created document 0000012A2F7330D0 from 13283 bytes
[2023-02-14 17:06:52] 17:06:52 (11364): Storing new document 0
[2023-02-14 17:06:53] No license key detected, applying trial watermark
[2023-02-14 17:06:53] 17:06:53 (11364): Generating bytes for document 0000012A2F7330D0
[2023-02-14 17:06:53] 17:06:53 (11364): Successfully generated 76064 bytes for document 0000012A2F7330D0
